<?xml version="1.0" encoding="UTF-8"?>
<!-- Generated by org.testng.reporters.JUnitReportReporter -->
<testsuite hostname="DESKTOP-QU51HI3" name="ExecutePackage.ExecuteQuery" tests="1" failures="0" timestamp="19 Jun 2021 05:39:33 GMT" time="1.850" errors="0">
  <testcase name="executeQuery" time="1.850" classname="ExecutePackage.ExecuteQuery"/>
</testsuite> <!-- ExecutePackage.ExecuteQuery -->
