<?xml version="1.0" encoding="UTF-8"?>
<!-- Generated by org.testng.reporters.JUnitReportReporter -->
<testsuite hostname="DESKTOP-QU51HI3" name="ExecutePackage.ExecuteUpdate" tests="1" failures="0" timestamp="23 Jun 2021 07:26:54 GMT" time="2.436" errors="0">
  <testcase name="executeQuery" time="2.436" classname="ExecutePackage.ExecuteUpdate"/>
</testsuite> <!-- ExecutePackage.ExecuteUpdate -->
