<?xml version="1.0" encoding="UTF-8"?>
<!-- Generated by org.testng.reporters.JUnitReportReporter -->
<testsuite hostname="DESKTOP-QU51HI3" name="DatabaseUtils.Practice2" tests="1" failures="0" timestamp="11 Aug 2021 10:02:28 GMT" time="0.203" errors="0">
  <testcase name="modifyorg" time="0.203" classname="DatabaseUtils.Practice2"/>
</testsuite> <!-- DatabaseUtils.Practice2 -->
