<?xml version="1.0" encoding="UTF-8"?>
<!-- Generated by org.testng.reporters.JUnitReportReporter -->
<testsuite hostname="DESKTOP-QU51HI3" name="DatabaseUtils.ExecuteUpdate" tests="1" failures="0" timestamp="10 Aug 2021 06:15:25 GMT" time="2.662" errors="0">
  <testcase name="getExecuteUpdate" time="2.662" classname="DatabaseUtils.ExecuteUpdate"/>
</testsuite> <!-- DatabaseUtils.ExecuteUpdate -->
