<?xml version="1.0" encoding="UTF-8"?>
<!-- Generated by org.testng.reporters.JUnitReportReporter -->
<testsuite hostname="DESKTOP-QU51HI3" name="DatabaseUtils.Practice1" tests="2" failures="0" timestamp="11 Aug 2021 08:49:02 GMT" time="0.109" errors="0">
  <testcase name="deleteorg" time="0.000" classname="DatabaseUtils.Practice1"/>
  <testcase name="craeteorg" time="0.109" classname="DatabaseUtils.Practice1"/>
</testsuite> <!-- DatabaseUtils.Practice1 -->
