<?xml version="1.0" encoding="UTF-8"?>
<!-- Generated by org.testng.reporters.JUnitReportReporter -->
<testsuite hostname="DESKTOP-QU51HI3" name="Javadetabaseconnectionpackage.ExecuteUpdate" tests="1" failures="0" timestamp="18 Jun 2021 14:52:19 GMT" time="1.516" errors="0">
  <testcase name="getFxecuteupdate" time="1.516" classname="Javadetabaseconnectionpackage.ExecuteUpdate"/>
</testsuite> <!-- Javadetabaseconnectionpackage.ExecuteUpdate -->
