<?xml version="1.0" encoding="UTF-8"?>
<!-- Generated by org.testng.reporters.JUnitReportReporter -->
<testsuite hostname="DESKTOP-QU51HI3" name="DatabaseUtils.Pactice" tests="2" failures="0" timestamp="11 Aug 2021 09:59:01 GMT" time="0.022" errors="0">
  <testcase name="createcontact" time="0.012" classname="DatabaseUtils.Pactice"/>
  <testcase name="modifiedcontact" time="0.010" classname="DatabaseUtils.Pactice"/>
</testsuite> <!-- DatabaseUtils.Pactice -->
