<?xml version="1.0" encoding="UTF-8"?>
<!-- Generated by org.testng.reporters.JUnitReportReporter -->
<testsuite hostname="DESKTOP-QU51HI3" name="Javadetabaseconnectionpackage.Javadetabaseconnection" tests="1" failures="0" timestamp="19 Jun 2021 04:40:20 GMT" time="0.628" errors="0">
  <testcase name="getFxecuteQuery" time="0.628" classname="Javadetabaseconnectionpackage.Javadetabaseconnection"/>
</testsuite> <!-- Javadetabaseconnectionpackage.Javadetabaseconnection -->
