<?xml version="1.0" encoding="UTF-8"?>
<!-- Generated by org.testng.reporters.JUnitReportReporter -->
<testsuite hostname="DESKTOP-QU51HI3" name="DatabaseUtils.ExecuteQuery" tests="1" failures="0" timestamp="23 Jun 2021 10:37:28 GMT" time="1.176" errors="0">
  <testcase name="getExecuteQuery" time="1.176" classname="DatabaseUtils.ExecuteQuery"/>
</testsuite> <!-- DatabaseUtils.ExecuteQuery -->
