<?xml version="1.0" encoding="UTF-8"?>
<!-- Generated by org.testng.reporters.JUnitReportReporter -->
<testsuite hostname="DESKTOP-QU51HI3" name="test.Repository" tests="1" failures="0" timestamp="29 Jun 2021 07:03:08 GMT" time="19.807" errors="0">
  <testcase name="repotest" time="19.807" classname="test.Repository"/>
</testsuite> <!-- test.Repository -->
